<?xml version="1.0" encoding="UTF-8"?>
<!-- Generated by org.testng.reporters.JUnitXMLReporter -->
<testsuite ignored="2" hostname="Nirav-Patel" failures="0" tests="0" time="0.027" errors="0" timestamp="2022-10-03T14:33:19 IST">
  <testcase classname="com.loginpage.LoginTests" name="positiveLoginTest" time="0.0">
    <ignored/>
  </testcase> <!-- positiveLoginTest -->
  <testcase classname="com.loginpage.LoginTests" name="negativeLoginTest" time="0.0">
    <ignored/>
  </testcase> <!-- negativeLoginTest -->
</testsuite>
