<?xml version="1.0" encoding="UTF-8"?>
<!-- Generated by org.testng.reporters.JUnitXMLReporter -->
<testsuite ignored="1" hostname="Nirav-Patel" failures="0" tests="1" name="\NegativeTests" time="26.527" errors="0" timestamp="2022-10-02T18:47:39 IST">
  <testcase classname="com.loginpage.NegativeTests" name="incorrectusernameTest" time="26.426"/>
  <testcase classname="com.loginpage.NegativeTests" name="incorrectpasswordTest" time="0.0">
    <ignored/>
  </testcase> <!-- incorrectpasswordTest -->
</testsuite> <!-- \NegativeTests -->
