<?xml version="1.0" encoding="UTF-8"?>
<!-- Generated by org.testng.reporters.JUnitXMLReporter -->
<testsuite ignored="1" hostname="Nirav-Patel" failures="0" tests="1" name="NegativepasswordTests" time="20.285" errors="0" timestamp="2022-10-03T13:38:21 IST">
  <testcase classname="com.loginpage.LoginTests" name="negativeLoginTest" time="20.276"/>
  <testcase classname="com.loginpage.LoginTests" name="positiveLoginTest" time="0.0">
    <ignored/>
  </testcase> <!-- positiveLoginTest -->
</testsuite> <!-- NegativepasswordTests -->
