<?xml version="1.0" encoding="UTF-8"?>
<!-- Generated by org.testng.reporters.JUnitXMLReporter -->
<testsuite ignored="1" hostname="Nirav-Patel" failures="0" tests="1" name="PositiveTests" time="31.698" errors="0" timestamp="2022-10-03T17:36:31 IST">
  <testcase classname="com.loginpage.LoginTests" name="positiveLoginTest" time="31.593"/>
  <testcase classname="com.loginpage.LoginTests" name="negativeLoginTest" time="0.0">
    <ignored/>
  </testcase> <!-- negativeLoginTest -->
</testsuite> <!-- PositiveTests -->
