<?xml version="1.0" encoding="UTF-8"?>
<testsuite xmlns:xsi="http://www.w3.org/2001/XMLSchema-instance" xsi:noNamespaceSchemaLocation="https://maven.apache.org/surefire/maven-surefire-plugin/xsd/surefire-test-report-3.0.xsd" version="3.0" name="TestSuite" time="154.909" tests="3" errors="0" skipped="0" failures="0">
  <properties>
[...]
</properties>
  <testcase name="loginTest" classname="com.loginpage.PositiveTests" time="31.549">
    <system-out><![CDATA[Starting loginTest
Page is open
]]></system-out>
    <system-err><![CDATA[SLF4J: Failed to load class "org.slf4j.impl.StaticLoggerBinder".
SLF4J: Defaulting to no-operation (NOP) logger implementation
SLF4J: See http://www.slf4j.org/codes.html#StaticLoggerBinder for further details.
Starting ChromeDriver 105.0.5195.52 (412c95e518836d8a7d97250d62b29c2ae6a26a85-refs/branch-heads/5195@{#853}) on port 63356
Only local connections are allowed.
Please see https://chromedriver.chromium.org/security-considerations for suggestions on keeping ChromeDriver safe.
ChromeDriver was started successfully.
[1664713730.091][WARNING]: This version of ChromeDriver has not been tested with Chrome version 106.
Oct 02, 2022 5:58:50 PM org.openqa.selenium.remote.ProtocolHandshake createSession
INFO: Detected upstream dialect: W3C
Oct 02, 2022 5:58:50 PM org.openqa.selenium.devtools.CdpVersionFinder findNearestMatch
WARNING: Unable to find an exact match for CDP version 106, so returning the closest version found: 104
Oct 02, 2022 5:58:50 PM org.openqa.selenium.devtools.CdpVersionFinder findNearestMatch
INFO: Found CDP implementation for version 106 of 104
]]></system-err>
  </testcase>
  <testcase name="incorrectpasswordTest" classname="com.loginpage.NegativeTests" time="101.956">
    <system-out><![CDATA[Starting incorrectusernameTest
Page is open
]]></system-out>
    <system-err><![CDATA[1664713757571	geckodriver	INFO	Listening on 127.0.0.1:50284
1664713758051	mozrunner::runner	INFO	Running command: "C:\\Program Files\\Mozilla Firefox\\firefox.exe" "--marionette" "--remote-debugging-port" "50479" "--remote-allow-hosts" "localhost" "--remote-allow-origins" "http://localhost:50479/" "-no-remote" "-profile" "C:\\Users\\Motadata\\AppData\\Local\\Temp\\rust_mozprofile4oYKoJ"
1664713758623	Marionette	INFO	Marionette enabled
1664713758633	Marionette	INFO	Listening on port 61159
Read port: 61159
WebDriver BiDi listening on ws://127.0.0.1:50479
1664713758837	RemoteAgent	WARN	TLS certificate errors will be ignored for this session
console.warn: SearchSettings: "get: No settings file exists, new profile?" (new NotFoundError("Could not open the file at C:\\Users\\Motadata\\AppData\\Local\\Temp\\rust_mozprofile4oYKoJ\\search.json.mozlz4", (void 0)))
DevTools listening on ws://127.0.0.1:50479/devtools/browser/d36d91e1-5f02-495d-a949-7a647e09151b
Oct 02, 2022 6:00:40 PM org.openqa.selenium.remote.ProtocolHandshake createSession
INFO: Detected upstream dialect: W3C
JavaScript error: resource://gre/modules/URIFixup.jsm, line 307: NS_ERROR_FAILURE: Should pass a non-null uri
console.warn: LoginRecipes: "Falling back to a synchronous message for: https://demo.motadataserviceops.com."
1664713858271	Marionette	INFO	Stopped listening on port 61159
JavaScript error: resource://gre/modules/Sqlite.jsm, line 1108: Error: Sqlite.jsm has been shutdown. Cannot open connection to: C:\Users\Motadata\AppData\Local\Temp\rust_mozprofile4oYKoJ\protections.sqlite
]]></system-err>
  </testcase>
  <testcase name="incorrectusernameTest" classname="com.loginpage.NegativeTests" time="19.823">
    <system-out><![CDATA[Starting incorrectusernameTest
Page is open
]]></system-out>
    <system-err><![CDATA[Starting ChromeDriver 105.0.5195.52 (412c95e518836d8a7d97250d62b29c2ae6a26a85-refs/branch-heads/5195@{#853}) on port 49554
Only local connections are allowed.
Please see https://chromedriver.chromium.org/security-considerations for suggestions on keeping ChromeDriver safe.
ChromeDriver was started successfully.
[1664713861.003][WARNING]: This version of ChromeDriver has not been tested with Chrome version 106.
Oct 02, 2022 6:01:01 PM org.openqa.selenium.remote.ProtocolHandshake createSession
INFO: Detected upstream dialect: W3C
Oct 02, 2022 6:01:01 PM org.openqa.selenium.devtools.CdpVersionFinder findNearestMatch
WARNING: Unable to find an exact match for CDP version 106, so returning the closest version found: 104
Oct 02, 2022 6:01:01 PM org.openqa.selenium.devtools.CdpVersionFinder findNearestMatch
INFO: Found CDP implementation for version 106 of 104
]]></system-err>
  </testcase>
</testsuite>