<?xml version="1.0" encoding="UTF-8"?>
<!-- Generated by org.testng.reporters.JUnitXMLReporter -->
<testsuite ignored="1" hostname="Nirav-Patel" failures="0" tests="1" name="PositiveTests" time="31.333" errors="0" timestamp="2022-10-03T18:46:52 IST">
  <testcase classname="com.loginpage.LoginTests" name="positiveLoginTest" time="22.51"/>
  <testcase classname="com.loginpage.LoginTests" name="negativeLoginTest" time="0.0">
    <ignored/>
  </testcase> <!-- negativeLoginTest -->
</testsuite> <!-- PositiveTests -->
