<?xml version="1.0" encoding="UTF-8"?>
<testng-results ignored="3" total="6" passed="3" failed="0" skipped="0">
  <reporter-output>
  </reporter-output>
  <suite started-at="2022-10-03T18:46:20 IST" name="LoginTests" finished-at="2022-10-03T18:47:40 IST" duration-ms="79653">
    <groups>
      <group name="positiveTests">
        <method signature="LoginTests.positiveLoginTest()[pri:1, instance:com.loginpage.LoginTests@72d1ad2e]" name="positiveLoginTest" class="com.loginpage.LoginTests"/>
      </group> <!-- positiveTests -->
      <group name="smokeTests">
        <method signature="LoginTests.positiveLoginTest()[pri:1, instance:com.loginpage.LoginTests@72d1ad2e]" name="positiveLoginTest" class="com.loginpage.LoginTests"/>
        <method signature="LoginTests.negativeLoginTest(java.lang.String,java.lang.String,java.lang.String)[pri:2, instance:com.loginpage.LoginTests@776aec5c]" name="negativeLoginTest" class="com.loginpage.LoginTests"/>
        <method signature="LoginTests.negativeLoginTest(java.lang.String,java.lang.String,java.lang.String)[pri:2, instance:com.loginpage.LoginTests@408d971b]" name="negativeLoginTest" class="com.loginpage.LoginTests"/>
      </group> <!-- smokeTests -->
      <group name="negativeTests">
        <method signature="LoginTests.negativeLoginTest(java.lang.String,java.lang.String,java.lang.String)[pri:2, instance:com.loginpage.LoginTests@776aec5c]" name="negativeLoginTest" class="com.loginpage.LoginTests"/>
        <method signature="LoginTests.negativeLoginTest(java.lang.String,java.lang.String,java.lang.String)[pri:2, instance:com.loginpage.LoginTests@408d971b]" name="negativeLoginTest" class="com.loginpage.LoginTests"/>
      </group> <!-- negativeTests -->
    </groups>
    <test started-at="2022-10-03T18:46:20 IST" name="PositiveTests" finished-at="2022-10-03T18:46:52 IST" duration-ms="31333">
      <class name="com.loginpage.LoginTests">
        <test-method is-config="true" signature="setup(java.lang.String)[pri:0, instance:com.loginpage.LoginTests@72d1ad2e]" started-at="2022-10-03T18:46:20 IST" name="setup" finished-at="2022-10-03T18:46:28 IST" duration-ms="7952" status="PASS">
          <params>
            <param index="0">
              <value>
                <![CDATA[chrome]]>
              </value>
            </param>
          </params>
          <reporter-output>
          </reporter-output>
        </test-method> <!-- setup -->
        <test-method signature="positiveLoginTest()[pri:1, instance:com.loginpage.LoginTests@72d1ad2e]" started-at="2022-10-03T18:46:28 IST" name="positiveLoginTest" finished-at="2022-10-03T18:46:51 IST" duration-ms="22510" status="PASS">
          <reporter-output>
          </reporter-output>
        </test-method> <!-- positiveLoginTest -->
        <test-method is-config="true" signature="tearDown()[pri:0, instance:com.loginpage.LoginTests@72d1ad2e]" started-at="2022-10-03T18:46:51 IST" name="tearDown" finished-at="2022-10-03T18:46:52 IST" duration-ms="776" status="PASS">
          <reporter-output>
          </reporter-output>
        </test-method> <!-- tearDown -->
      </class> <!-- com.loginpage.LoginTests -->
    </test> <!-- PositiveTests -->
    <test started-at="2022-10-03T18:46:52 IST" name="NegativeUsernameTests" finished-at="2022-10-03T18:47:13 IST" duration-ms="21013">
      <class name="com.loginpage.LoginTests">
        <test-method is-config="true" signature="setup(java.lang.String)[pri:0, instance:com.loginpage.LoginTests@776aec5c]" started-at="2022-10-03T18:46:52 IST" name="setup" finished-at="2022-10-03T18:46:57 IST" duration-ms="4833" status="PASS">
          <params>
            <param index="0">
              <value>
                <![CDATA[chrome]]>
              </value>
            </param>
          </params>
          <reporter-output>
          </reporter-output>
        </test-method> <!-- setup -->
        <test-method signature="negativeLoginTest(java.lang.String,java.lang.String,java.lang.String)[pri:2, instance:com.loginpage.LoginTests@776aec5c]" started-at="2022-10-03T18:46:57 IST" name="negativeLoginTest" finished-at="2022-10-03T18:47:12 IST" duration-ms="15335" status="PASS">
          <params>
            <param index="0">
              <value>
                <![CDATA[nirav123]]>
              </value>
            </param>
            <param index="1">
              <value>
                <![CDATA[admin@123]]>
              </value>
            </param>
            <param index="2">
              <value>
                <![CDATA[Invalid Credentials, Please try again.]]>
              </value>
            </param>
          </params>
          <reporter-output>
          </reporter-output>
        </test-method> <!-- negativeLoginTest -->
        <test-method is-config="true" signature="tearDown()[pri:0, instance:com.loginpage.LoginTests@776aec5c]" started-at="2022-10-03T18:47:12 IST" name="tearDown" finished-at="2022-10-03T18:47:13 IST" duration-ms="840" status="PASS">
          <reporter-output>
          </reporter-output>
        </test-method> <!-- tearDown -->
      </class> <!-- com.loginpage.LoginTests -->
    </test> <!-- NegativeUsernameTests -->
    <test started-at="2022-10-03T18:47:13 IST" name="NegativepasswordTests" finished-at="2022-10-03T18:47:40 IST" duration-ms="27208">
      <class name="com.loginpage.LoginTests">
        <test-method is-config="true" signature="setup(java.lang.String)[pri:0, instance:com.loginpage.LoginTests@408d971b]" started-at="2022-10-03T18:47:13 IST" name="setup" finished-at="2022-10-03T18:47:24 IST" duration-ms="11760" status="PASS">
          <params>
            <param index="0">
              <value>
                <![CDATA[firefox]]>
              </value>
            </param>
          </params>
          <reporter-output>
          </reporter-output>
        </test-method> <!-- setup -->
        <test-method signature="negativeLoginTest(java.lang.String,java.lang.String,java.lang.String)[pri:2, instance:com.loginpage.LoginTests@408d971b]" started-at="2022-10-03T18:47:24 IST" name="negativeLoginTest" finished-at="2022-10-03T18:47:38 IST" duration-ms="13992" status="PASS">
          <params>
            <param index="0">
              <value>
                <![CDATA[nirav]]>
              </value>
            </param>
            <param index="1">
              <value>
                <![CDATA[admin@12345]]>
              </value>
            </param>
            <param index="2">
              <value>
                <![CDATA[Invalid Credentials, Please try again.]]>
              </value>
            </param>
          </params>
          <reporter-output>
          </reporter-output>
        </test-method> <!-- negativeLoginTest -->
        <test-method is-config="true" signature="tearDown()[pri:0, instance:com.loginpage.LoginTests@408d971b]" started-at="2022-10-03T18:47:38 IST" name="tearDown" finished-at="2022-10-03T18:47:40 IST" duration-ms="1444" status="PASS">
          <reporter-output>
          </reporter-output>
        </test-method> <!-- tearDown -->
      </class> <!-- com.loginpage.LoginTests -->
    </test> <!-- NegativepasswordTests -->
  </suite> <!-- LoginTests -->
</testng-results>
